<?xml version="1.0" encoding="UTF-8"?>
<!-- Generated by org.testng.reporters.JUnitReportReporter -->
<testsuite hostname="Gateway-of-India" failures="0" tests="1" name="com.Actitime.Testscripts.Assert" time="4.874" errors="0" timestamp="2023-02-21T09:11:44 IST" skipped="0">
  <testcase classname="com.Actitime.Testscripts.Assert" name="demoassertion" time="4.874"/>
  <system-out/>
</testsuite> <!-- com.Actitime.Testscripts.Assert -->
