<?xml version="1.0" encoding="UTF-8"?>
<!-- Generated by org.testng.reporters.JUnitReportReporter -->
<testsuite hostname="Gateway-of-India" failures="0" tests="1" name="com.Actitime.Testscripts.CreateCustomer" time="17.640" errors="0" timestamp="2023-02-22T08:56:01 IST" skipped="0">
  <testcase classname="com.Actitime.Testscripts.CreateCustomer" name="createCustomer" time="17.640"/>
  <system-out>
    <![CDATA[assertion pass]]>
  </system-out>
</testsuite> <!-- com.Actitime.Testscripts.CreateCustomer -->
